09-22-23_04-40-01-153 - Logging Started
09-22-23_05-02-18-165 - New Threat Detected:(NPC-PLX) Military Installation (MyCubeGrid, 73160214168119481)
 - by: The Greed of the Plunder (MyCubeGrid, 136119700454516358)Attacking Weapon:25mm Prowler [Weapon] Owner:144115188075855894 - Faction:Space Pirates(273060811546874192) - Neutrals:False - Friends:False - Unowned:False
[Ai] Owner:144115188075855894 - Faction:Space Pirates(273060811546874192) - Relationship:Enemies - ThreatLevel:0.0001 - isFocus:True

09-22-23_15-41-14-616 - New Threat Detected:Cloverleaf Raider (MyCubeGrid, 72552356954052622)
 - by: Static Grid 1249 (MyCubeGrid, 91086273737301249)Attacking Weapon:Vulcan Turret [Weapon] Owner:144115188075855998 - Faction:DELTA(262145205765407714) - Neutrals:False - Friends:False - Unowned:False
[Ai] Owner:144115188075855998 - Faction:DELTA(262145205765407714) - Relationship:Enemies - ThreatLevel:48.77487 - isFocus:False

09-22-23_15-41-17-908 - New Threat Detected:Small Grid 6221 (MyCubeGrid, 138845663480196221)
 - by: Cloverleaf Raider (MyCubeGrid, 72552356954052622)Attacking Weapon:Sabre Missile Hardpoint [Weapon] Owner:144115188075855894 - Faction:Space Pirates(273060811546874192) - Neutrals:False - Friends:False - Unowned:False
[Ai] Owner:144115188075855894 - Faction:Space Pirates(273060811546874192) - Relationship:Enemies - ThreatLevel:0.0001 - isFocus:True

09-22-23_15-41-21-596 - New Threat Detected:Static Grid 1249 (MyCubeGrid, 91086273737301249)
 - by: Cloverleaf Raider (MyCubeGrid, 72552356954052622)Attacking Weapon:Small Missile Turret [Weapon] Owner:144115188075855894 - Faction:Space Pirates(273060811546874192) - Neutrals:False - Friends:False - Unowned:False
[Ai] Owner:144115188075855894 - Faction:Space Pirates(273060811546874192) - Relationship:Enemies - ThreatLevel:0.02050236 - isFocus:True

09-22-23_15-41-27-751 - New Threat Detected:Small Grid 2725 (MyCubeGrid, 141254919192392725)
 - by: Cloverleaf Raider (MyCubeGrid, 143058093881244326)Attacking Weapon:Small Missile Launcher [Weapon] Owner:144115188075855894 - Faction:Space Pirates(273060811546874192) - Neutrals:False - Friends:False - Unowned:False
[Ai] Owner:144115188075855894 - Faction:Space Pirates(273060811546874192) - Relationship:Enemies - ThreatLevel:0.6590558 - isFocus:True

09-22-23_15-41-29-873 - New Threat Detected:Static Grid 1249 (MyCubeGrid, 91086273737301249)
 - by: The Little Sea Rover (MyCubeGrid, 84433409128331852)Attacking Weapon:AC-54 Chord [Weapon] Owner:144115188075855894 - Faction:Space Pirates(273060811546874192) - Neutrals:False - Friends:False - Unowned:False
[Ai] Owner:144115188075855894 - Faction:Space Pirates(273060811546874192) - Relationship:Enemies - ThreatLevel:4.844099 - isFocus:True

09-22-23_15-41-34-426 - New Threat Detected:Small Grid 2725 (MyCubeGrid, 141254919192392725)
 - by: The Little Sea Rover (MyCubeGrid, 128698825863846519)Attacking Weapon:Argus PDL [Weapon] Owner:144115188075855894 - Faction:Space Pirates(273060811546874192) - Neutrals:False - Friends:False - Unowned:False
[Ai] Owner:144115188075855894 - Faction:Space Pirates(273060811546874192) - Relationship:Enemies - ThreatLevel:7.404324 - isFocus:True

09-22-23_15-41-44-787 - New Threat Detected:The Little Sea Rover (MyCubeGrid, 84433409128331852)
 - by: Static Grid 1249 (MyCubeGrid, 91086273737301249)Attacking Weapon:Vulcan Turret [Weapon] Owner:144115188075855998 - Faction:DELTA(262145205765407714) - Neutrals:False - Friends:False - Unowned:False
[Ai] Owner:144115188075855998 - Faction:DELTA(262145205765407714) - Relationship:Enemies - ThreatLevel:0.2064368 - isFocus:False

09-22-23_15-41-55-240 - New Threat Detected:Small Grid 5982 (MyCubeGrid, 120383291685195982)
 - by: Cloverleaf Raider (MyCubeGrid, 143058093881244326)Attacking Weapon:30mm RevolverCannon CIWS [Weapon] Owner:144115188075855894 - Faction:Space Pirates(273060811546874192) - Neutrals:False - Friends:False - Unowned:False
[Ai] Owner:144115188075855894 - Faction:Space Pirates(273060811546874192) - Relationship:Enemies - ThreatLevel:0.2196851 - isFocus:True

09-22-23_15-41-57-095 - New Threat Detected:Small Grid 6221 (MyCubeGrid, 138845663480196221)
 - by: The Little Sea Rover (MyCubeGrid, 84433409128331852)Attacking Weapon:AC-54 Chord [Weapon] Owner:144115188075855894 - Faction:Space Pirates(273060811546874192) - Neutrals:False - Friends:False - Unowned:False
[Ai] Owner:144115188075855894 - Faction:Space Pirates(273060811546874192) - Relationship:Enemies - ThreatLevel:0.0001 - isFocus:True

09-22-23_15-42-46-134 - New Threat Detected:Cloverleaf Raider (MyCubeGrid, 143058093881244326)
 - by: Static Grid 1249 (MyCubeGrid, 91086273737301249)Attacking Weapon:Vulcan Turret [Weapon] Owner:144115188075855998 - Faction:DELTA(262145205765407714) - Neutrals:False - Friends:False - Unowned:False
[Ai] Owner:144115188075855998 - Faction:DELTA(262145205765407714) - Relationship:Enemies - ThreatLevel:1.018875 - isFocus:False

09-22-23_15-42-50-220 - New Threat Detected:Small Grid 4690 (MyCubeGrid, 135502975038304690)
 - by: Cloverleaf Raider (MyCubeGrid, 143058093881244326)Attacking Weapon:Small Missile Launcher [Weapon] Owner:144115188075855894 - Faction:Space Pirates(273060811546874192) - Neutrals:False - Friends:False - Unowned:False
[Ai] Owner:144115188075855894 - Faction:Space Pirates(273060811546874192) - Relationship:Enemies - ThreatLevel:0 - isFocus:True

09-22-23_15-42-52-571 - New Threat Detected:Small Grid 6221 (MyCubeGrid, 138845663480196221)
 - by: Cloverleaf Raider (MyCubeGrid, 143058093881244326)Attacking Weapon:Small Gatling Turret [Weapon] Owner:144115188075855894 - Faction:Space Pirates(273060811546874192) - Neutrals:False - Friends:False - Unowned:False
[Ai] Owner:144115188075855894 - Faction:Space Pirates(273060811546874192) - Relationship:Enemies - ThreatLevel:0.0001 - isFocus:True

09-22-23_15-43-01-665 - New Threat Detected:Static Grid 1249 (MyCubeGrid, 91086273737301249)
 - by: Cloverleaf Raider (MyCubeGrid, 143058093881244326)Attacking Weapon:30mm RevolverCannon CIWS [Weapon] Owner:144115188075855894 - Faction:Space Pirates(273060811546874192) - Neutrals:False - Friends:False - Unowned:False
[Ai] Owner:144115188075855894 - Faction:Space Pirates(273060811546874192) - Relationship:Enemies - ThreatLevel:0.981475 - isFocus:True

09-22-23_15-43-07-160 - New Threat Detected:Small Grid 6221 (MyCubeGrid, 138845663480196221)
 - by: The Little Sea Rover (MyCubeGrid, 128698825863846519)Attacking Weapon:Argus PDL [Weapon] Owner:144115188075855894 - Faction:Space Pirates(273060811546874192) - Neutrals:False - Friends:False - Unowned:False
[Ai] Owner:144115188075855894 - Faction:Space Pirates(273060811546874192) - Relationship:Enemies - ThreatLevel:0.0001 - isFocus:True

09-22-23_15-43-09-938 - New Threat Detected:Static Grid 1249 (MyCubeGrid, 91086273737301249)
 - by: The Little Sea Rover (MyCubeGrid, 128698825863846519)Attacking Weapon:Argus PDL [Weapon] Owner:144115188075855894 - Faction:Space Pirates(273060811546874192) - Neutrals:False - Friends:False - Unowned:False
[Ai] Owner:144115188075855894 - Faction:Space Pirates(273060811546874192) - Relationship:Enemies - ThreatLevel:11.02662 - isFocus:True

09-22-23_15-43-22-318 - New Threat Detected:The Little Sea Rover (MyCubeGrid, 128698825863846519)
 - by: Static Grid 1249 (MyCubeGrid, 91086273737301249)Attacking Weapon:Vulcan Turret [Weapon] Owner:144115188075855998 - Faction:DELTA(262145205765407714) - Neutrals:False - Friends:False - Unowned:False
[Ai] Owner:144115188075855998 - Faction:DELTA(262145205765407714) - Relationship:Enemies - ThreatLevel:0.09068961 - isFocus:False

09-22-23_15-43-23-487 - New Threat Detected:Müller (MyCharacter, 125938377525338664)
 - by: The Little Sea Rover (MyCubeGrid, 128698825863846519)Attacking Weapon:25mm Prowler [Weapon] Owner:144115188075855894 - Faction:Space Pirates(273060811546874192) - Neutrals:False - Friends:False - Unowned:False
[Ai] Owner:144115188075855894 - Faction:Space Pirates(273060811546874192) - Relationship:Enemies - ThreatLevel:0.0001 - isFocus:True

09-22-23_15-44-25-533 - New Threat Detected:Small Grid 9259 (MyCubeGrid, 115785351514619259)
 - by: The Little Sea Rover (MyCubeGrid, 128698825863846519)Attacking Weapon:25mm Prowler [Weapon] Owner:144115188075855894 - Faction:Space Pirates(273060811546874192) - Neutrals:False - Friends:False - Unowned:False
[Ai] Owner:144115188075855894 - Faction:Space Pirates(273060811546874192) - Relationship:Enemies - ThreatLevel:0 - isFocus:True

09-22-23_15-45-04-621 - New Threat Detected:Small Grid 7892 (MyCubeGrid, 129290465532827892)
 - by: Static Grid 1249 (MyCubeGrid, 91086273737301249)Attacking Weapon:Vulcan Turret [Weapon] Owner:144115188075855998 - Faction:DELTA(262145205765407714) - Neutrals:False - Friends:False - Unowned:False
[Ai] Owner:144115188075855998 - Faction:DELTA(262145205765407714) - Relationship:Enemies - ThreatLevel:0.2238323 - isFocus:False

09-22-23_15-48-21-247 - New Threat Detected:Müller (MyCharacter, 129596489302697722)
 - by: The Little Sea Rover (MyCubeGrid, 128698825863846519)Attacking Weapon:25mm Prowler [Weapon] Owner:144115188075855894 - Faction:Space Pirates(273060811546874192) - Neutrals:False - Friends:False - Unowned:False
[Ai] Owner:144115188075855894 - Faction:Space Pirates(273060811546874192) - Relationship:Enemies - ThreatLevel:0.0001 - isFocus:True

09-22-23_15-49-41-207 - New Threat Detected:Small Grid 5730 (MyCubeGrid, 106476999160665730)
 - by: Static Grid 1249 (MyCubeGrid, 91086273737301249)Attacking Weapon:Longsword Missile Battery [Weapon] Owner:Müller(144115188075855977) - Faction:DELTA(262145205765407714) - Neutrals:False - Friends:False - Unowned:False
[Ai] Owner:144115188075855998 - Faction:DELTA(262145205765407714) - Relationship:Enemies - ThreatLevel:0 - isFocus:True

09-22-23_15-50-00-823 - New Threat Detected:Müller (MyCharacter, 128972613688882743)
 - by: The Little Sea Rover (MyCubeGrid, 128698825863846519)Attacking Weapon:Argus PDL [Weapon] Owner:144115188075855894 - Faction:Space Pirates(273060811546874192) - Neutrals:False - Friends:False - Unowned:False
[Ai] Owner:144115188075855894 - Faction:Space Pirates(273060811546874192) - Relationship:Enemies - ThreatLevel:0.0001 - isFocus:True

09-22-23_15-57-40-767 - New Threat Detected:The Little Sea Rover (MyCubeGrid, 128698825863846519)
 - by: (NPC-ACS) Spire 01 (MyCubeGrid, 109064632479834237)Attacking Weapon:Athena 115mm Railgun Turret [Weapon] Owner:144115188075855909 - Faction:Assert Inc(269939021752338114) - Neutrals:False - Friends:False - Unowned:False
[Ai] Owner:144115188075855909 - Faction:Assert Inc(269939021752338114) - Relationship:Enemies - ThreatLevel:0.02559475 - isFocus:True

09-22-23_15-57-43-081 - New Threat Detected:(NPC-ACS) Spire 01 (MyCubeGrid, 109064632479834237)
 - by: Static Grid 1249 (MyCubeGrid, 91086273737301249)Attacking Weapon:Longsword Missile Battery [Weapon] Owner:Müller(144115188075855977) - Faction:DELTA(262145205765407714) - Neutrals:False - Friends:False - Unowned:False
[Ai] Owner:144115188075855998 - Faction:DELTA(262145205765407714) - Relationship:Enemies - ThreatLevel:3.543289 - isFocus:True

09-22-23_15-57-54-149 - New Threat Detected:Small Grid 7618 (MyCubeGrid, 74359965797297618)
 - by: Static Grid 1249 (MyCubeGrid, 91086273737301249)Attacking Weapon:Longsword Missile Battery [Weapon] Owner:Müller(144115188075855977) - Faction:DELTA(262145205765407714) - Neutrals:False - Friends:False - Unowned:False
[Ai] Owner:144115188075855998 - Faction:DELTA(262145205765407714) - Relationship:Enemies - ThreatLevel:0.0001 - isFocus:True

09-22-23_15-57-56-549 - New Threat Detected:Static Grid 1249 (MyCubeGrid, 91086273737301249)
 - by: (NPC-ACS) Spire 01 (MyCubeGrid, 109064632479834237)Attacking Weapon:Athena 115mm Railgun Turret [Weapon] Owner:144115188075855909 - Faction:Assert Inc(269939021752338114) - Neutrals:False - Friends:False - Unowned:False
[Ai] Owner:144115188075855909 - Faction:Assert Inc(269939021752338114) - Relationship:Enemies - ThreatLevel:0.2822236 - isFocus:True

09-22-23_15-58-04-160 - New Threat Detected:The Little Sea Rover (MyCubeGrid, 84433409128331852)
 - by: (NPC-ACS) Spire 01 (MyCubeGrid, 109064632479834237)Attacking Weapon:Athena 115mm Railgun Turret [Weapon] Owner:144115188075855909 - Faction:Assert Inc(269939021752338114) - Neutrals:False - Friends:False - Unowned:False
[Ai] Owner:144115188075855909 - Faction:Assert Inc(269939021752338114) - Relationship:Enemies - ThreatLevel:0.05826133 - isFocus:True

09-22-23_16-05-52-681 - New Threat Detected:(NPC-ACS) Automated Division Star Eater-AT1 (MyCubeGrid, 119032087779584742)
 - by: [VC]-Void-Wolf (MyCubeGrid, 142546632508835159)Attacking Weapon:Sabre Missile Hardpoint [Weapon] Owner:144115188075855915 - Faction:Void Corporation(256641049513017746) - Neutrals:False - Friends:False - Unowned:False
[Ai] Owner:144115188075855915 - Faction:Void Corporation(256641049513017746) - Relationship:Enemies - ThreatLevel:0.07534759 - isFocus:True

09-22-23_16-05-53-214 - New Threat Detected:[VC]-Void-Wolf (MyCubeGrid, 142546632508835159)
 - by: (NPC-ACS) Automated Division Star Eater-AT1 (MyCubeGrid, 119032087779584742)Attacking Weapon:30mm Conventional CIWS [Weapon] Owner:144115188075855909 - Faction:Assert Inc(269939021752338114) - Neutrals:False - Friends:False - Unowned:False
[Ai] Owner:144115188075855909 - Faction:Assert Inc(269939021752338114) - Relationship:Enemies - ThreatLevel:13.27182 - isFocus:True

09-22-23_16-06-00-845 - New Threat Detected:Small Grid 9621 (MyCubeGrid, 129211345915859621)
 - by: (NPC-ACS) Automated Division Star Eater-AT1 (MyCubeGrid, 119032087779584742)Attacking Weapon:Sentinel Smartgun [Weapon] Owner:144115188075855909 - Faction:Assert Inc(269939021752338114) - Neutrals:False - Friends:False - Unowned:False
[Ai] Owner:144115188075855909 - Faction:Assert Inc(269939021752338114) - Relationship:Enemies - ThreatLevel:0.03432824 - isFocus:True

09-22-23_16-12-02-675 - New Threat Detected:(NPC-IBR) Mobile Drilling Platform (MyCubeGrid, 108404194294133031)
 - by: Static Grid 1249 (MyCubeGrid, 91086273737301249)Attacking Weapon:Longsword Missile Battery [Weapon] Owner:Müller(144115188075855977) - Faction:DELTA(262145205765407714) - Neutrals:False - Friends:False - Unowned:False
[Ai] Owner:Müller(144115188075855977) - Faction:DELTA(262145205765407714) - Relationship:Enemies - ThreatLevel:3.387845 - isFocus:True

09-22-23_16-12-49-584 - New Threat Detected:Large Grid 8089 (MyCubeGrid, 94374449837538089)
 - by: Static Grid 1249 (MyCubeGrid, 91086273737301249)Attacking Weapon:500mm Gun Turret [Weapon] Owner:Müller(144115188075855977) - Faction:DELTA(262145205765407714) - Neutrals:False - Friends:False - Unowned:False
[Ai] Owner:Müller(144115188075855977) - Faction:DELTA(262145205765407714) - Relationship:Enemies - ThreatLevel:2.119381 - isFocus:True

09-22-23_16-28-50-602 - New Threat Detected:Small Grid 6673 (MyCubeGrid, 124906851335626673)
 - by: The Little Sea Rover (MyCubeGrid, 84433409128331852)Attacking Weapon:AC-54 Chord [Weapon] Owner:144115188075855894 - Faction:Space Pirates(273060811546874192) - Neutrals:False - Friends:False - Unowned:False
[Ai] Owner:144115188075855894 - Faction:Space Pirates(273060811546874192) - Relationship:Enemies - ThreatLevel:0.0001 - isFocus:True

09-22-23_16-33-19-338 - New Threat Detected:Large Grid 7125 (MyCubeGrid, 98582606752457125)
 - by: The Little Sea Rover (MyCubeGrid, 84433409128331852)Attacking Weapon:AC-54 Chord [Weapon] Owner:144115188075855894 - Faction:Space Pirates(273060811546874192) - Neutrals:False - Friends:False - Unowned:False
[Ai] Owner:144115188075855894 - Faction:Space Pirates(273060811546874192) - Relationship:Enemies - ThreatLevel:34.01871 - isFocus:True

09-22-23_16-43-52-789 - New Threat Detected:Static Grid 7307 (MyCubeGrid, 133880955968827307)
 - by: (NPC-PLX) Ward of Lothian (MyCubeGrid, 96860880739917719)Attacking Weapon:Athena 115mm Railgun Turret [Weapon] Owner:144115188075855908 - Faction:Parallax Concepts(238541583554611769) - Neutrals:False - Friends:False - Unowned:False
[Ai] Owner:144115188075855908 - Faction:Parallax Concepts(238541583554611769) - Relationship:Enemies - ThreatLevel:0.0001 - isFocus:True

09-22-23_17-01-49-577 - New Threat Detected:(NPC-IBR) Monarch Transport (MyCubeGrid, 75437405071437201)
 - by: Static Grid 1249 (MyCubeGrid, 91086273737301249)Attacking Weapon:500mm Gun Turret [Weapon] Owner:Müller(144115188075855977) - Faction:DELTA(262145205765407714) - Neutrals:False - Friends:False - Unowned:False
[Ai] Owner:Müller(144115188075855977) - Faction:DELTA(262145205765407714) - Relationship:Enemies - ThreatLevel:0.01316141 - isFocus:True

09-22-23_17-16-42-074 - New Threat Detected:Static Grid 1249 (MyCubeGrid, 91086273737301249)
 - by: (NPC-ACS) WKZ-LG Mjolnir 01-AT1 (MyCubeGrid, 139888247405870917)Attacking Weapon:Apollo 250mm Railgun Turret [Weapon] Owner:144115188075855909 - Faction:Assert Inc(269939021752338114) - Neutrals:False - Friends:False - Unowned:False
[Ai] Owner:144115188075855909 - Faction:Assert Inc(269939021752338114) - Relationship:Enemies - ThreatLevel:1.356765 - isFocus:True

09-22-23_17-16-44-221 - New Threat Detected:(NPC-ACS) WKZ-LG Mjolnir 01-AT1 (MyCubeGrid, 139888247405870917)
 - by: Static Grid 1249 (MyCubeGrid, 91086273737301249)Attacking Weapon:500mm Gun Turret [Weapon] Owner:Müller(144115188075855977) - Faction:DELTA(262145205765407714) - Neutrals:False - Friends:False - Unowned:False
[Ai] Owner:Müller(144115188075855977) - Faction:DELTA(262145205765407714) - Relationship:Enemies - ThreatLevel:0.7370474 - isFocus:True

09-22-23_17-51-44-943 - New Threat Detected:Static Grid 1249 (MyCubeGrid, 91086273737301249)
 - by: (NPC-PLX) Oban Tide Mk2 (MyCubeGrid, 128842181760594663)Attacking Weapon:Athena 115mm Railgun Turret [Weapon] Owner:144115188075855908 - Faction:Parallax Concepts(238541583554611769) - Neutrals:False - Friends:False - Unowned:False
[Ai] Owner:144115188075855908 - Faction:Parallax Concepts(238541583554611769) - Relationship:Enemies - ThreatLevel:0.5757103 - isFocus:True

09-22-23_17-51-45-153 - New Threat Detected:(NPC-PLX) Oban Tide Mk2 (MyCubeGrid, 128842181760594663)
 - by: Static Grid 1249 (MyCubeGrid, 91086273737301249)Attacking Weapon:500mm Gun Turret [Weapon] Owner:Müller(144115188075855977) - Faction:DELTA(262145205765407714) - Neutrals:False - Friends:False - Unowned:False
[Ai] Owner:Müller(144115188075855977) - Faction:DELTA(262145205765407714) - Relationship:Enemies - ThreatLevel:1.736985 - isFocus:True

09-22-23_17-51-45-543 - New Threat Detected:Müller (MyCharacter, 109848252775776051)
 - by: (NPC-PLX) Oban Tide Mk2 (MyCubeGrid, 128842181760594663)Attacking Weapon:Interceptor PD [Weapon] Owner:144115188075855908 - Faction:Parallax Concepts(238541583554611769) - Neutrals:False - Friends:False - Unowned:False
[Ai] Owner:144115188075855908 - Faction:Parallax Concepts(238541583554611769) - Relationship:Enemies - ThreatLevel:0.0001 - isFocus:True

09-22-23_18-05-55-092 - New Threat Detected:Static Grid 1249 (MyCubeGrid, 91086273737301249)
 - by: (NPC-ACS) WKZ-LG Mjolnir 01 (MyCubeGrid, 100749864148686416)Attacking Weapon:Mark 15 Breakwater [Weapon] Owner:144115188075855909 - Faction:Assert Inc(269939021752338114) - Neutrals:False - Friends:False - Unowned:False
[Ai] Owner:144115188075855909 - Faction:Assert Inc(269939021752338114) - Relationship:Enemies - ThreatLevel:0.9913743 - isFocus:True

09-22-23_18-26-10-483 - New Threat Detected:(NPC-PLX) Oban Tide Mk2 (MyCubeGrid, 116913042235499359)
 - by: Static Grid 1249 (MyCubeGrid, 91086273737301249)Attacking Weapon:Longsword Missile Battery [Weapon] Owner:Müller(144115188075855977) - Faction:DELTA(262145205765407714) - Neutrals:False - Friends:False - Unowned:False
[Ai] Owner:Müller(144115188075855977) - Faction:DELTA(262145205765407714) - Relationship:Enemies - ThreatLevel:2.266278 - isFocus:True

09-22-23_19-11-26-885 - New Threat Detected:Static Grid 7307 (MyCubeGrid, 133880955968827307)
 - by: (NPC-PLX) Spirit of Lomond (MyCubeGrid, 110629639015191654)Attacking Weapon:AC-85 Echo [Weapon] Owner:144115188075855908 - Faction:Parallax Concepts(238541583554611769) - Neutrals:False - Friends:False - Unowned:False
[Ai] Owner:144115188075855908 - Faction:Parallax Concepts(238541583554611769) - Relationship:Enemies - ThreatLevel:0.0001 - isFocus:True

09-22-23_19-45-46-177 - New Threat Detected:Static Grid 7307 (MyCubeGrid, 133880955968827307)
 - by: (NPC-IBR) Aquila Strike Corvette (MyCubeGrid, 89256354509175707)Attacking Weapon:Magnetar Shock Cannon [Weapon] Owner:144115188075855910 - Faction:Imber Corporation(286114054273501418) - Neutrals:False - Friends:False - Unowned:False
[Ai] Owner:144115188075855910 - Faction:Imber Corporation(286114054273501418) - Relationship:Enemies - ThreatLevel:0.0001 - isFocus:True

09-22-23_19-45-47-085 - New Threat Detected:Static Grid 1249 (MyCubeGrid, 91086273737301249)
 - by: (NPC-IBR) Aquila Strike Corvette (MyCubeGrid, 89256354509175707)Attacking Weapon:Pulsar Shock Cannon [Weapon] Owner:144115188075855910 - Faction:Imber Corporation(286114054273501418) - Neutrals:False - Friends:False - Unowned:False
[Ai] Owner:144115188075855910 - Faction:Imber Corporation(286114054273501418) - Relationship:Enemies - ThreatLevel:0.1030876 - isFocus:True

09-22-23_19-45-47-113 - New Threat Detected:Small Grid 8885 (MyCubeGrid, 110775849916938885)
 - by: (NPC-IBR) Aquila Strike Corvette (MyCubeGrid, 89256354509175707)Attacking Weapon:Reaper Pulse Cannon [Weapon] Owner:144115188075855910 - Faction:Imber Corporation(286114054273501418) - Neutrals:False - Friends:False - Unowned:False
[Ai] Owner:144115188075855910 - Faction:Imber Corporation(286114054273501418) - Relationship:Enemies - ThreatLevel:0.0001 - isFocus:True

09-22-23_22-28-11-070 - New Threat Detected:(NPC-ACS) Bubbly Bertha 01-AT2 (MyCubeGrid, 127336325931552381)
 - by: (NPC-PLX) Triton (MyCubeGrid, 130833571876407554)Attacking Weapon:Athena 115mm Railgun Turret [Weapon] Owner:144115188075855908 - Faction:Parallax Concepts(238541583554611769) - Neutrals:False - Friends:False - Unowned:False
[Ai] Owner:144115188075855908 - Faction:Parallax Concepts(238541583554611769) - Relationship:Enemies - ThreatLevel:0.3080665 - isFocus:True

