09-22-23_04-40-01-149 - Logging Started
04-50-40-371 - (NINFO) - <ClientAiAdd> packets:[2] dataTransfer:[44] validPackets:[2] invalidPackets:[0] serverReceive:[2(True)] clientReceive:[0] unknownReceive:[0]
15-19-14-299 - (NINFO) - <ClientAiAdd> packets:[1] dataTransfer:[22] validPackets:[1] invalidPackets:[0] serverReceive:[1(True)] clientReceive:[0] unknownReceive:[0]
15-27-37-894 - (NINFO) - <ClientAiAdd> packets:[1] dataTransfer:[22] validPackets:[1] invalidPackets:[0] serverReceive:[1(True)] clientReceive:[0] unknownReceive:[0]
15-31-52-814 - (NINFO) - <ClientAiAdd> packets:[1] dataTransfer:[22] validPackets:[1] invalidPackets:[0] serverReceive:[1(True)] clientReceive:[0] unknownReceive:[0]
15-31-52-814 - (NINFO) - <ClientAiRemove> packets:[2] dataTransfer:[44] validPackets:[2] invalidPackets:[0] serverReceive:[2(True)] clientReceive:[0] unknownReceive:[0]
15-32-58-461 - (NINFO) - <ClientAiAdd> packets:[1] dataTransfer:[22] validPackets:[1] invalidPackets:[0] serverReceive:[1(True)] clientReceive:[0] unknownReceive:[0]
15-32-58-461 - (NINFO) - <ClientAiRemove> packets:[1] dataTransfer:[22] validPackets:[1] invalidPackets:[0] serverReceive:[1(True)] clientReceive:[0] unknownReceive:[0]
15-41-39-765 - (NINFO) - <ClientAiAdd> packets:[3] dataTransfer:[66] validPackets:[3] invalidPackets:[0] serverReceive:[3(True)] clientReceive:[0] unknownReceive:[0]
15-41-39-765 - (NINFO) - <ClientAiRemove> packets:[1] dataTransfer:[22] validPackets:[1] invalidPackets:[0] serverReceive:[1(True)] clientReceive:[0] unknownReceive:[0]
15-41-39-765 - (NINFO) - <TerminalMonitor> packets:[2] dataTransfer:[54] validPackets:[2] invalidPackets:[0] serverReceive:[2(True)] clientReceive:[0] unknownReceive:[0]
15-42-46-736 - (NINFO) - <ClientAiAdd> packets:[4] dataTransfer:[88] validPackets:[4] invalidPackets:[0] serverReceive:[4(True)] clientReceive:[0] unknownReceive:[0]
15-42-46-736 - (NINFO) - <ClientAiRemove> packets:[3] dataTransfer:[66] validPackets:[3] invalidPackets:[0] serverReceive:[3(True)] clientReceive:[0] unknownReceive:[0]
15-43-53-133 - (NINFO) - <ClientAiAdd> packets:[4] dataTransfer:[88] validPackets:[4] invalidPackets:[0] serverReceive:[4(True)] clientReceive:[0] unknownReceive:[0]
15-43-53-133 - (NINFO) - <ClientAiRemove> packets:[3] dataTransfer:[66] validPackets:[3] invalidPackets:[0] serverReceive:[3(True)] clientReceive:[0] unknownReceive:[0]
15-43-53-133 - (NINFO) - <TerminalMonitor> packets:[2] dataTransfer:[54] validPackets:[2] invalidPackets:[0] serverReceive:[2(True)] clientReceive:[0] unknownReceive:[0]
15-45-00-594 - (NINFO) - <ClientAiAdd> packets:[6] dataTransfer:[132] validPackets:[6] invalidPackets:[0] serverReceive:[6(True)] clientReceive:[0] unknownReceive:[0]
15-45-00-594 - (NINFO) - <ClientAiRemove> packets:[5] dataTransfer:[110] validPackets:[5] invalidPackets:[0] serverReceive:[5(True)] clientReceive:[0] unknownReceive:[0]
15-45-00-594 - (NINFO) - <PlayerControlRequest> packets:[1] dataTransfer:[37] validPackets:[1] invalidPackets:[0] serverReceive:[1(True)] clientReceive:[0] unknownReceive:[0]
15-45-00-594 - (NINFO) - <TerminalMonitor> packets:[4] dataTransfer:[108] validPackets:[4] invalidPackets:[0] serverReceive:[4(True)] clientReceive:[0] unknownReceive:[0]
15-46-05-105 - (NINFO) - <ClientAiAdd> packets:[1] dataTransfer:[22] validPackets:[1] invalidPackets:[0] serverReceive:[1(True)] clientReceive:[0] unknownReceive:[0]
15-47-09-892 - (NINFO) - <ClientAiAdd> packets:[1] dataTransfer:[22] validPackets:[1] invalidPackets:[0] serverReceive:[1(True)] clientReceive:[0] unknownReceive:[0]
15-47-09-892 - (NINFO) - <ClientAiRemove> packets:[2] dataTransfer:[44] validPackets:[2] invalidPackets:[0] serverReceive:[2(True)] clientReceive:[0] unknownReceive:[0]
15-47-09-892 - (NINFO) - <TerminalMonitor> packets:[2] dataTransfer:[54] validPackets:[2] invalidPackets:[0] serverReceive:[2(True)] clientReceive:[0] unknownReceive:[0]
15-48-13-723 - (NINFO) - <OverRidesUpdate> packets:[6] dataTransfer:[254] validPackets:[6] invalidPackets:[0] serverReceive:[6(True)] clientReceive:[0] unknownReceive:[0]
15-48-13-723 - (NINFO) - <TerminalMonitor> packets:[6] dataTransfer:[162] validPackets:[6] invalidPackets:[0] serverReceive:[6(True)] clientReceive:[0] unknownReceive:[0]
15-49-18-444 - (NINFO) - <OverRidesUpdate> packets:[1] dataTransfer:[38] validPackets:[1] invalidPackets:[0] serverReceive:[1(True)] clientReceive:[0] unknownReceive:[0]
15-49-18-444 - (NINFO) - <ActiveControlUpdate> packets:[1] dataTransfer:[26] validPackets:[1] invalidPackets:[0] serverReceive:[1(True)] clientReceive:[0] unknownReceive:[0]
15-49-18-444 - (NINFO) - <ReticleUpdate> packets:[6] dataTransfer:[156] validPackets:[6] invalidPackets:[0] serverReceive:[6(True)] clientReceive:[0] unknownReceive:[0]
15-49-18-444 - (NINFO) - <TerminalMonitor> packets:[4] dataTransfer:[108] validPackets:[4] invalidPackets:[0] serverReceive:[4(True)] clientReceive:[0] unknownReceive:[0]
15-50-22-525 - (NINFO) - <OverRidesUpdate> packets:[7] dataTransfer:[266] validPackets:[7] invalidPackets:[0] serverReceive:[7(True)] clientReceive:[0] unknownReceive:[0]
15-50-22-525 - (NINFO) - <ActiveControlUpdate> packets:[1] dataTransfer:[26] validPackets:[1] invalidPackets:[0] serverReceive:[1(True)] clientReceive:[0] unknownReceive:[0]
15-50-22-525 - (NINFO) - <FocusUpdate> packets:[3] dataTransfer:[108] validPackets:[3] invalidPackets:[0] serverReceive:[3(True)] clientReceive:[0] unknownReceive:[0]
15-50-22-525 - (NINFO) - <ReticleUpdate> packets:[26] dataTransfer:[676] validPackets:[26] invalidPackets:[0] serverReceive:[26(True)] clientReceive:[0] unknownReceive:[0]
15-50-22-525 - (NINFO) - <PlayerControlRequest> packets:[2] dataTransfer:[74] validPackets:[2] invalidPackets:[0] serverReceive:[2(True)] clientReceive:[0] unknownReceive:[0]
15-50-22-525 - (NINFO) - <TerminalMonitor> packets:[36] dataTransfer:[972] validPackets:[36] invalidPackets:[0] serverReceive:[36(True)] clientReceive:[0] unknownReceive:[0]
15-50-22-525 - (NINFO) - <ShootSync> packets:[24] dataTransfer:[760] validPackets:[24] invalidPackets:[0] serverReceive:[24(True)] clientReceive:[0] unknownReceive:[0]
15-51-26-469 - (NINFO) - <OverRidesUpdate> packets:[2] dataTransfer:[87] validPackets:[2] invalidPackets:[0] serverReceive:[2(True)] clientReceive:[0] unknownReceive:[0]
15-51-26-469 - (NINFO) - <ClientAiAdd> packets:[4] dataTransfer:[88] validPackets:[4] invalidPackets:[0] serverReceive:[4(True)] clientReceive:[0] unknownReceive:[0]
15-51-26-469 - (NINFO) - <ClientAiRemove> packets:[5] dataTransfer:[110] validPackets:[5] invalidPackets:[0] serverReceive:[5(True)] clientReceive:[0] unknownReceive:[0]
15-51-26-469 - (NINFO) - <TerminalMonitor> packets:[4] dataTransfer:[108] validPackets:[4] invalidPackets:[0] serverReceive:[4(True)] clientReceive:[0] unknownReceive:[0]
15-52-30-230 - (NINFO) - <RequestSetRange> packets:[101] dataTransfer:[3030] validPackets:[101] invalidPackets:[0] serverReceive:[101(True)] clientReceive:[0] unknownReceive:[0]
15-52-30-231 - (NINFO) - <TerminalMonitor> packets:[4] dataTransfer:[108] validPackets:[4] invalidPackets:[0] serverReceive:[4(True)] clientReceive:[0] unknownReceive:[0]
15-56-47-073 - (NINFO) - <ClientAiAdd> packets:[1] dataTransfer:[22] validPackets:[1] invalidPackets:[0] serverReceive:[1(True)] clientReceive:[0] unknownReceive:[0]
15-56-47-073 - (NINFO) - <PlayerControlRequest> packets:[1] dataTransfer:[37] validPackets:[1] invalidPackets:[0] serverReceive:[1(True)] clientReceive:[0] unknownReceive:[0]
15-56-47-073 - (NINFO) - <TerminalMonitor> packets:[2] dataTransfer:[54] validPackets:[2] invalidPackets:[0] serverReceive:[2(True)] clientReceive:[0] unknownReceive:[0]
15-57-51-444 - (NINFO) - <TerminalMonitor> packets:[11] dataTransfer:[297] validPackets:[11] invalidPackets:[0] serverReceive:[11(True)] clientReceive:[0] unknownReceive:[0]
15-58-57-985 - (NINFO) - <RequestSetRange> packets:[20] dataTransfer:[600] validPackets:[20] invalidPackets:[0] serverReceive:[20(True)] clientReceive:[0] unknownReceive:[0]
15-58-57-985 - (NINFO) - <ClientAiAdd> packets:[2] dataTransfer:[44] validPackets:[2] invalidPackets:[0] serverReceive:[2(True)] clientReceive:[0] unknownReceive:[0]
15-58-57-985 - (NINFO) - <ClientAiRemove> packets:[2] dataTransfer:[44] validPackets:[2] invalidPackets:[0] serverReceive:[2(True)] clientReceive:[0] unknownReceive:[0]
15-58-57-985 - (NINFO) - <AmmoCycleRequest> packets:[1] dataTransfer:[38] validPackets:[1] invalidPackets:[0] serverReceive:[1(True)] clientReceive:[0] unknownReceive:[0]
15-58-57-985 - (NINFO) - <TerminalMonitor> packets:[3] dataTransfer:[81] validPackets:[3] invalidPackets:[0] serverReceive:[3(True)] clientReceive:[0] unknownReceive:[0]
16-02-09-398 - (NINFO) - <ClientAiRemove> packets:[1] dataTransfer:[22] validPackets:[1] invalidPackets:[0] serverReceive:[1(True)] clientReceive:[0] unknownReceive:[0]
16-03-12-797 - (NINFO) - <TerminalMonitor> packets:[4] dataTransfer:[108] validPackets:[4] invalidPackets:[0] serverReceive:[4(True)] clientReceive:[0] unknownReceive:[0]
16-05-21-110 - (NINFO) - <ClientAiRemove> packets:[1] dataTransfer:[22] validPackets:[1] invalidPackets:[0] serverReceive:[1(True)] clientReceive:[0] unknownReceive:[0]
16-07-34-924 - (NINFO) - <ClientAiAdd> packets:[1] dataTransfer:[22] validPackets:[1] invalidPackets:[0] serverReceive:[1(True)] clientReceive:[0] unknownReceive:[0]
16-08-39-144 - (NINFO) - <ClientAiRemove> packets:[1] dataTransfer:[22] validPackets:[1] invalidPackets:[0] serverReceive:[1(True)] clientReceive:[0] unknownReceive:[0]
16-21-24-472 - (NINFO) - <ClientAiAdd> packets:[3] dataTransfer:[66] validPackets:[3] invalidPackets:[0] serverReceive:[3(True)] clientReceive:[0] unknownReceive:[0]
16-21-24-472 - (NINFO) - <ClientAiRemove> packets:[3] dataTransfer:[66] validPackets:[3] invalidPackets:[0] serverReceive:[3(True)] clientReceive:[0] unknownReceive:[0]
16-28-47-793 - (NINFO) - <TerminalMonitor> packets:[2] dataTransfer:[54] validPackets:[2] invalidPackets:[0] serverReceive:[2(True)] clientReceive:[0] unknownReceive:[0]
16-30-57-262 - (NINFO) - <TerminalMonitor> packets:[2] dataTransfer:[54] validPackets:[2] invalidPackets:[0] serverReceive:[2(True)] clientReceive:[0] unknownReceive:[0]
16-34-09-518 - (NINFO) - <OverRidesUpdate> packets:[116] dataTransfer:[4539] validPackets:[116] invalidPackets:[0] serverReceive:[116(True)] clientReceive:[0] unknownReceive:[0]
16-34-09-518 - (NINFO) - <ClientAiAdd> packets:[1] dataTransfer:[22] validPackets:[1] invalidPackets:[0] serverReceive:[1(True)] clientReceive:[0] unknownReceive:[0]
16-34-09-518 - (NINFO) - <PlayerControlRequest> packets:[1] dataTransfer:[37] validPackets:[1] invalidPackets:[0] serverReceive:[1(True)] clientReceive:[0] unknownReceive:[0]
16-34-09-518 - (NINFO) - <TerminalMonitor> packets:[3] dataTransfer:[81] validPackets:[3] invalidPackets:[0] serverReceive:[3(True)] clientReceive:[0] unknownReceive:[0]
16-34-09-518 - (NINFO) - <ShootSync> packets:[2] dataTransfer:[64] validPackets:[2] invalidPackets:[0] serverReceive:[2(True)] clientReceive:[0] unknownReceive:[0]
16-35-13-995 - (NINFO) - <OverRidesUpdate> packets:[11] dataTransfer:[422] validPackets:[11] invalidPackets:[0] serverReceive:[11(True)] clientReceive:[0] unknownReceive:[0]
16-35-13-995 - (NINFO) - <TerminalMonitor> packets:[10] dataTransfer:[270] validPackets:[10] invalidPackets:[0] serverReceive:[10(True)] clientReceive:[0] unknownReceive:[0]
16-35-13-995 - (NINFO) - <ShootSync> packets:[2] dataTransfer:[64] validPackets:[2] invalidPackets:[0] serverReceive:[2(True)] clientReceive:[0] unknownReceive:[0]
16-36-19-558 - (NINFO) - <OverRidesUpdate> packets:[20] dataTransfer:[791] validPackets:[20] invalidPackets:[0] serverReceive:[20(True)] clientReceive:[0] unknownReceive:[0]
16-36-19-558 - (NINFO) - <ActiveControlUpdate> packets:[2] dataTransfer:[52] validPackets:[2] invalidPackets:[0] serverReceive:[2(True)] clientReceive:[0] unknownReceive:[0]
16-36-19-558 - (NINFO) - <ReticleUpdate> packets:[10] dataTransfer:[260] validPackets:[10] invalidPackets:[0] serverReceive:[10(True)] clientReceive:[0] unknownReceive:[0]
16-36-19-558 - (NINFO) - <ClientAiAdd> packets:[2] dataTransfer:[44] validPackets:[2] invalidPackets:[0] serverReceive:[2(True)] clientReceive:[0] unknownReceive:[0]
16-36-19-558 - (NINFO) - <ClientAiRemove> packets:[2] dataTransfer:[44] validPackets:[2] invalidPackets:[0] serverReceive:[2(True)] clientReceive:[0] unknownReceive:[0]
16-36-19-558 - (NINFO) - <TerminalMonitor> packets:[30] dataTransfer:[810] validPackets:[30] invalidPackets:[0] serverReceive:[30(True)] clientReceive:[0] unknownReceive:[0]
16-36-19-558 - (NINFO) - <ShootSync> packets:[19] dataTransfer:[609] validPackets:[19] invalidPackets:[0] serverReceive:[19(True)] clientReceive:[0] unknownReceive:[0]
16-36-19-558 - (NINFO) - <BlackListRequest> packets:[6] dataTransfer:[240] validPackets:[6] invalidPackets:[0] serverReceive:[6(True)] clientReceive:[0] unknownReceive:[0]
16-37-25-555 - (NINFO) - <OverRidesUpdate> packets:[44] dataTransfer:[1730] validPackets:[44] invalidPackets:[0] serverReceive:[44(True)] clientReceive:[0] unknownReceive:[0]
16-37-25-555 - (NINFO) - <TerminalMonitor> packets:[1] dataTransfer:[27] validPackets:[1] invalidPackets:[0] serverReceive:[1(True)] clientReceive:[0] unknownReceive:[0]
16-45-07-149 - (NINFO) - <ClientAiAdd> packets:[2] dataTransfer:[44] validPackets:[2] invalidPackets:[0] serverReceive:[2(True)] clientReceive:[0] unknownReceive:[0]
16-45-07-149 - (NINFO) - <ClientAiRemove> packets:[2] dataTransfer:[44] validPackets:[2] invalidPackets:[0] serverReceive:[2(True)] clientReceive:[0] unknownReceive:[0]
16-57-35-588 - (NINFO) - <ClientAiRemove> packets:[4] dataTransfer:[88] validPackets:[4] invalidPackets:[0] serverReceive:[4(True)] clientReceive:[0] unknownReceive:[0]
16-58-38-906 - (NINFO) - <ClientAiAdd> packets:[1] dataTransfer:[22] validPackets:[1] invalidPackets:[0] serverReceive:[1(True)] clientReceive:[0] unknownReceive:[0]
16-59-47-820 - (NINFO) - <ClientAiAdd> packets:[3] dataTransfer:[66] validPackets:[3] invalidPackets:[0] serverReceive:[3(True)] clientReceive:[0] unknownReceive:[0]
17-01-57-618 - (NINFO) - <ClientAiAdd> packets:[1] dataTransfer:[22] validPackets:[1] invalidPackets:[0] serverReceive:[1(True)] clientReceive:[0] unknownReceive:[0]
17-03-03-459 - (NINFO) - <ClientAiRemove> packets:[1] dataTransfer:[22] validPackets:[1] invalidPackets:[0] serverReceive:[1(True)] clientReceive:[0] unknownReceive:[0]
17-06-25-545 - (NINFO) - <ClientAiAdd> packets:[1] dataTransfer:[22] validPackets:[1] invalidPackets:[0] serverReceive:[1(True)] clientReceive:[0] unknownReceive:[0]
17-07-31-241 - (NINFO) - <ClientAiRemove> packets:[1] dataTransfer:[22] validPackets:[1] invalidPackets:[0] serverReceive:[1(True)] clientReceive:[0] unknownReceive:[0]
17-13-52-431 - (NINFO) - <ClientAiAdd> packets:[3] dataTransfer:[66] validPackets:[3] invalidPackets:[0] serverReceive:[3(True)] clientReceive:[0] unknownReceive:[0]
17-17-02-851 - (NINFO) - <ClientAiAdd> packets:[2] dataTransfer:[44] validPackets:[2] invalidPackets:[0] serverReceive:[2(True)] clientReceive:[0] unknownReceive:[0]
17-18-06-114 - (NINFO) - <PlayerControlRequest> packets:[1] dataTransfer:[37] validPackets:[1] invalidPackets:[0] serverReceive:[1(True)] clientReceive:[0] unknownReceive:[0]
17-18-06-114 - (NINFO) - <TerminalMonitor> packets:[6] dataTransfer:[162] validPackets:[6] invalidPackets:[0] serverReceive:[6(True)] clientReceive:[0] unknownReceive:[0]
17-21-17-075 - (NINFO) - <ClientAiRemove> packets:[2] dataTransfer:[44] validPackets:[2] invalidPackets:[0] serverReceive:[2(True)] clientReceive:[0] unknownReceive:[0]
17-57-06-650 - (NINFO) - <RequestSetRange> packets:[39] dataTransfer:[1170] validPackets:[39] invalidPackets:[0] serverReceive:[39(True)] clientReceive:[0] unknownReceive:[0]
17-57-06-650 - (NINFO) - <PlayerControlRequest> packets:[1] dataTransfer:[37] validPackets:[1] invalidPackets:[0] serverReceive:[1(True)] clientReceive:[0] unknownReceive:[0]
17-57-06-650 - (NINFO) - <TerminalMonitor> packets:[7] dataTransfer:[189] validPackets:[7] invalidPackets:[0] serverReceive:[7(True)] clientReceive:[0] unknownReceive:[0]
17-58-10-936 - (NINFO) - <TerminalMonitor> packets:[1] dataTransfer:[27] validPackets:[1] invalidPackets:[0] serverReceive:[1(True)] clientReceive:[0] unknownReceive:[0]
18-06-36-969 - (NINFO) - <ActiveControlUpdate> packets:[2] dataTransfer:[52] validPackets:[2] invalidPackets:[0] serverReceive:[2(True)] clientReceive:[0] unknownReceive:[0]
18-16-01-238 - (NINFO) - <ClientAiAdd> packets:[3] dataTransfer:[66] validPackets:[3] invalidPackets:[0] serverReceive:[3(True)] clientReceive:[0] unknownReceive:[0]
18-20-12-202 - (NINFO) - <TerminalMonitor> packets:[2] dataTransfer:[54] validPackets:[2] invalidPackets:[0] serverReceive:[2(True)] clientReceive:[0] unknownReceive:[0]
18-24-21-694 - (NINFO) - <PlayerControlRequest> packets:[1] dataTransfer:[37] validPackets:[1] invalidPackets:[0] serverReceive:[1(True)] clientReceive:[0] unknownReceive:[0]
18-24-21-694 - (NINFO) - <TerminalMonitor> packets:[2] dataTransfer:[54] validPackets:[2] invalidPackets:[0] serverReceive:[2(True)] clientReceive:[0] unknownReceive:[0]
18-25-23-868 - (NINFO) - <TerminalMonitor> packets:[2] dataTransfer:[54] validPackets:[2] invalidPackets:[0] serverReceive:[2(True)] clientReceive:[0] unknownReceive:[0]
18-31-52-124 - (NINFO) - <TerminalMonitor> packets:[3] dataTransfer:[81] validPackets:[3] invalidPackets:[0] serverReceive:[3(True)] clientReceive:[0] unknownReceive:[0]
18-32-56-291 - (NINFO) - <TerminalMonitor> packets:[1] dataTransfer:[27] validPackets:[1] invalidPackets:[0] serverReceive:[1(True)] clientReceive:[0] unknownReceive:[0]
18-55-02-512 - (NINFO) - <ActiveControlUpdate> packets:[1] dataTransfer:[26] validPackets:[1] invalidPackets:[0] serverReceive:[1(True)] clientReceive:[0] unknownReceive:[0]
18-57-06-755 - (NINFO) - <ActiveControlUpdate> packets:[1] dataTransfer:[26] validPackets:[1] invalidPackets:[0] serverReceive:[1(True)] clientReceive:[0] unknownReceive:[0]
19-06-31-553 - (NINFO) - <TerminalMonitor> packets:[12] dataTransfer:[324] validPackets:[12] invalidPackets:[0] serverReceive:[12(True)] clientReceive:[0] unknownReceive:[0]
19-12-51-015 - (NINFO) - <TerminalMonitor> packets:[2] dataTransfer:[54] validPackets:[2] invalidPackets:[0] serverReceive:[2(True)] clientReceive:[0] unknownReceive:[0]
19-27-39-867 - (NINFO) - <ClientAiAdd> packets:[3] dataTransfer:[66] validPackets:[3] invalidPackets:[0] serverReceive:[3(True)] clientReceive:[0] unknownReceive:[0]
20-01-20-729 - (NINFO) - <ActiveControlUpdate> packets:[2] dataTransfer:[52] validPackets:[2] invalidPackets:[0] serverReceive:[2(True)] clientReceive:[0] unknownReceive:[0]
20-03-26-400 - (NINFO) - <ActiveControlUpdate> packets:[2] dataTransfer:[52] validPackets:[2] invalidPackets:[0] serverReceive:[2(True)] clientReceive:[0] unknownReceive:[0]
21-45-57-638 - (NINFO) - <ClientAiAdd> packets:[1] dataTransfer:[22] validPackets:[1] invalidPackets:[0] serverReceive:[1(True)] clientReceive:[0] unknownReceive:[0]
21-47-00-773 - (NINFO) - <ClientAiAdd> packets:[1] dataTransfer:[22] validPackets:[1] invalidPackets:[0] serverReceive:[1(True)] clientReceive:[0] unknownReceive:[0]
21-48-03-109 - (NINFO) - <ActiveControlUpdate> packets:[2] dataTransfer:[52] validPackets:[2] invalidPackets:[0] serverReceive:[2(True)] clientReceive:[0] unknownReceive:[0]
21-50-09-393 - (NINFO) - <ClientAiAdd> packets:[2] dataTransfer:[44] validPackets:[2] invalidPackets:[0] serverReceive:[2(True)] clientReceive:[0] unknownReceive:[0]
21-51-12-842 - (NINFO) - <PlayerControlRequest> packets:[1] dataTransfer:[37] validPackets:[1] invalidPackets:[0] serverReceive:[1(True)] clientReceive:[0] unknownReceive:[0]
21-51-12-842 - (NINFO) - <TerminalMonitor> packets:[4] dataTransfer:[108] validPackets:[4] invalidPackets:[0] serverReceive:[4(True)] clientReceive:[0] unknownReceive:[0]
21-53-20-364 - (NINFO) - <ActiveControlUpdate> packets:[2] dataTransfer:[52] validPackets:[2] invalidPackets:[0] serverReceive:[2(True)] clientReceive:[0] unknownReceive:[0]
21-54-25-016 - (NINFO) - <ActiveControlUpdate> packets:[2] dataTransfer:[52] validPackets:[2] invalidPackets:[0] serverReceive:[2(True)] clientReceive:[0] unknownReceive:[0]
21-59-45-243 - (NINFO) - <ClientAiAdd> packets:[2] dataTransfer:[44] validPackets:[2] invalidPackets:[0] serverReceive:[2(True)] clientReceive:[0] unknownReceive:[0]
22-01-52-870 - (NINFO) - <ActiveControlUpdate> packets:[4] dataTransfer:[104] validPackets:[4] invalidPackets:[0] serverReceive:[4(True)] clientReceive:[0] unknownReceive:[0]
22-06-07-141 - (NINFO) - <ActiveControlUpdate> packets:[2] dataTransfer:[52] validPackets:[2] invalidPackets:[0] serverReceive:[2(True)] clientReceive:[0] unknownReceive:[0]
