2023-09-22 23:28:05Z:BuildAndRepairSystemMod: Initializing IsServer=True, IsDedicated=True
2023-09-22 23:28:05Z:BuildAndRepairSystemMod: Initialized.
2023-09-22 23:32:21Z:BuildAndRepairSystemMod: SyncBlockDataRequestReceived for unknown system SteamId76561199013252938 EntityId=114314847039271072
2023-09-22 23:32:22Z:Localization: Disabled=False Language=English
2023-09-22 23:32:23Z:BuildAndRepairSystemMod: SyncBlockDataRequestReceived for unknown system SteamId76561199013252938 EntityId=99819390228772539
2023-09-23 00:44:05Z:BuildAndRepairSystemMod: SyncBlockDataRequestReceived for unknown system SteamId76561198075966585 EntityId=94765116293807162
2023-09-23 00:56:20Z:BuildAndRepairSystemMod: SyncBlockDataRequestReceived for unknown system SteamId76561199013252938 EntityId=88512567057085900
2023-09-24 02:24:56Z:BuildAndRepairSystemBlock base terra 4587.BuildAndRepairSystem: UpdateBeforeSimulation10/100 Exception:System.InvalidOperationException: Collection was modified; enumeration operation may not execute.
   at System.ThrowHelper.ThrowInvalidOperationException(ExceptionResource resource)
   at System.Collections.Generic.List`1.Enumerator.MoveNextRare()
   at SpaceEquipmentLtd.NanobotBuildAndRepairSystem.TargetBlockDataHashList.GetSyncList()
   at SpaceEquipmentLtd.NanobotBuildAndRepairSystem.SyncBlockState.get_PossibleGrindTargetsSync()
   at proto_2913(ProtoWriter , State& , Object )
   at ProtoBuf.ProtoWriter.WriteObject(Object value, Int32 key, ProtoWriter writer, State& state)
   at proto_2911(ProtoWriter , State& , Object )
   at ProtoBuf.Meta.TypeModel.SerializeCore(ProtoWriter writer, State& state, Object value)
   at ProtoBuf.Meta.TypeModel.Serialize(Stream dest, Object value, SerializationContext context)
   at ProtoBuf.Serializer.Serialize[T](Stream destination, T instance)
   at Sandbox.ModAPI.MyAPIUtilities.VRage.Game.ModAPI.IMyUtilities.SerializeToBinary[T](T obj)
   at SpaceEquipmentLtd.NanobotBuildAndRepairSystem.NanobotBuildAndRepairSystemMod.SyncBlockStateSend(UInt64 steamId, NanobotBuildAndRepairSystemBlock system)
   at SpaceEquipmentLtd.NanobotBuildAndRepairSystem.NanobotBuildAndRepairSystemBlock.UpdateBeforeSimulation10_100(Boolean fast)
2023-09-24 02:25:56Z:BuildAndRepairSystemBlock base terra 4587.BuildAndRepairSystem: UpdateBeforeSimulation10/100 Exception:System.NullReferenceException: Object reference not set to an instance of an object.
   at SpaceEquipmentLtd.NanobotBuildAndRepairSystem.TargetBlockDataHashList.GetSyncList()
   at SpaceEquipmentLtd.NanobotBuildAndRepairSystem.SyncBlockState.get_PossibleGrindTargetsSync()
   at proto_2913(ProtoWriter , State& , Object )
   at ProtoBuf.ProtoWriter.WriteObject(Object value, Int32 key, ProtoWriter writer, State& state)
   at proto_2911(ProtoWriter , State& , Object )
   at ProtoBuf.Meta.TypeModel.SerializeCore(ProtoWriter writer, State& state, Object value)
   at ProtoBuf.Meta.TypeModel.Serialize(Stream dest, Object value, SerializationContext context)
   at ProtoBuf.Serializer.Serialize[T](Stream destination, T instance)
   at Sandbox.ModAPI.MyAPIUtilities.VRage.Game.ModAPI.IMyUtilities.SerializeToBinary[T](T obj)
   at SpaceEquipmentLtd.NanobotBuildAndRepairSystem.NanobotBuildAndRepairSystemMod.SyncBlockStateSend(UInt64 steamId, NanobotBuildAndRepairSystemBlock system)
   at SpaceEquipmentLtd.NanobotBuildAndRepairSystem.NanobotBuildAndRepairSystemBlock.UpdateBeforeSimulation10_100(Boolean fast)
