092223-23:27:06:8982    LateSetup    Cargo: True
092223-23:27:06:9008    LateSetup    Encounters: True
092223-23:27:06:9008    LateSetup    Drones: True
092223-23:27:06:9008    LateSetup    Scripts: True
092223-23:27:06:9008    LateSetup    Sync: 3000
092223-23:27:06:9008    LateSetup    View: 15000
092223-23:27:06:9008    LateSetup    PiratePCU: 100000
092223-23:27:06:9008    LateSetup    TotalPCU: 300000
092223-23:27:06:9012    LateSetup    Mod: Nanobot Build and Repair System (Steam:857053359)
092223-23:27:06:9012    LateSetup    Mod: Ship Speed Increase (Steam:416466806)
092223-23:27:06:9012    LateSetup    Mod: Aryx Weapon Enterprises [WeaponCore] (Steam:2530716039)
092223-23:27:06:9012    LateSetup    Mod: Halo UNSC Ship Weapons (WeaponCore) (Steam:2286546132)
092223-23:27:06:9013    LateSetup    Mod: Tech Blocks Everywhere (Steam:1709586832)
092223-23:27:06:9013    LateSetup    Mod: New Spawn Pods + Tools (Pack 4 Havoc Industries) (Steam:3034634539)
092223-23:27:06:9013    LateSetup    Mod: [EEM] Exploration Enhancement Mod (Steam:531659576)
092223-23:27:06:9013    LateSetup    Mod: Modular Encounters Systems (Steam:1521905890)
092223-23:27:06:9013    LateSetup    Mod: Defense Shields - v2.2(8) (Steam:1365616918)
092223-23:27:06:9013    LateSetup    Mod: Parallax Concepts (Formerly Surface Occupation) (Steam:1135484957)
092223-23:27:06:9013    LateSetup    Mod: BuildInfo (extra block+terminal info, air leak finder) (Steam:514062285)
092223-23:27:06:9013    LateSetup    Mod: Colorful Icons (Steam:801185519)
092223-23:27:06:9013    LateSetup    Mod: Conveyor Air Vent - full sized block (and slope!) (Steam:410678202)
092223-23:27:06:9013    LateSetup    Mod: Assertive Combat Systems (Steam:1902970975)
092223-23:27:06:9013    LateSetup    Mod: WeaponCore - 2.4 (Steam:1918681825)
092223-23:27:06:9013    LateSetup    Mod: WeaponCore - Replace Vanilla Weapons (Steam:1931509062)
092223-23:27:06:9013    LateSetup    Mod: NorthWind Weapons (Steam:2016817336)
092223-23:27:06:9013    LateSetup    Mod: Color Hud (1.200) (Steam:2332245521)
092223-23:27:06:9013    LateSetup    Mod: Ore Detector+ (Steam:1906172362)
092223-23:27:06:9013    LateSetup    Mod: Small Ship Jump Drive (Steam:2585554865)
092223-23:27:06:9014    LateSetup    Mod: Tiered Tech Blocks (Steam:1682499145)
092223-23:27:06:9014    LateSetup    Mod: Hydrogen Density 4x (Steam:2085436406)
092223-23:27:06:9014    LateSetup    Mod: Automatic Ore Pickup (Steam:657749341)
092223-23:27:06:9014    LateSetup    Mod: Hailstorm Rocket Turret (Steam:3033742549)
092223-23:27:06:9014    LateSetup    Mod: Small Ship Mega Mod Pack [100% DX-11 Ready] (Steam:305329302)
092223-23:27:06:9014    LateSetup    Mod: Imber Corporation (Formerly Air Traffic) (Steam:973526550)
092223-23:27:06:9014    LateSetup    Mod: Corruption PvE Combat (Steam:914369510)
092223-23:27:06:9014    LateSetup    Mod: Piston Pack (Steam:327627089)
092223-23:27:06:9014    LateSetup    Mod: Sneaky Sounds - Quieter Tools (Steam:1662953858)
092223-23:27:06:9014    LateSetup    Mod: (DX11)Hyperdrive (Steam:478935145)
092223-23:27:06:9014    LateSetup    Mod: Tiered Engine Super Pack (Steam:642589539)
092223-23:27:06:9014    LateSetup    Mod: NPC Defense Shields Provider (Steam:2043339470)
092223-23:27:06:9014    LateSetup    Mod: Autofill Bottles (Steam:2308085590)
092223-23:27:06:9014    LateSetup    Mod: More Encounters Faction Wars Npc Vs NPC vs player (Steam:2315059547)
092223-23:27:06:9014    LateSetup    Mod: (DX11) Boarding Ramp (Steam:487835945)
092223-23:27:06:9014    LateSetup    Mod: AQD - Emissive Colors (Steam:2711430394)
092223-23:27:06:9015    LateSetup    Mod: AQD - No Armor Edges (Steam:1825460112)
092223-23:27:06:9015    LateSetup    Mod: Advanced Welding - detaching and reattaching blocks! (Steam:510790477)
092223-23:27:06:9015    LateSetup    Mod: Smooth Voxels (Steam:2652227853)
092223-23:27:06:9015    LateSetup    Mod: NPC Weapon Upgrades (Steam:1555044803)
092223-23:27:06:9015    LateSetup    Mod: Rich HUD Master (Steam:1965654081)
092223-23:27:06:9015    LateSetup    Mod: Binoculars (Steam:2777644246)
092223-23:27:06:9015    LateSetup    Mod: [QoL] CleanModCategories (Steam:2892002083)
092223-23:27:06:9015    LateSetup    Mod: Easy Block Renaming (Steam:2077166496)
092223-23:27:06:9015    LateSetup    Mod: Projections To Assembler (Steam:1289485324)
092223-23:27:06:9015    LateSetup    Mod: [QoL] Production Quota (Steam:2304715504)
092223-23:27:06:9015    LateSetup    Mod: Gravel Sifter (Steam:2144596603)
092223-23:27:06:9015    LateSetup    Mod: Ore Detector ++ (Steam:2448691659)
092223-23:27:06:9015    LateSetup    Mod: Elite Dangerous Style Jump Effect (Steam:2752881305)
092223-23:27:06:9015    LateSetup    Mod: (DX11) Kolt - Command Console Pack (Steam:436025957)
092223-23:27:06:9015    LateSetup    Mod: Nanobot Drill and Fill System (Steam:1879455650)
092223-23:27:06:9016    LateSetup    Mod: Automated Inventory Sorting (Steam:321588701)
092223-23:27:06:9016    LateSetup    Mod: Whip's Camera Overlay (Steam:704012607)
092223-23:27:06:9016    LateSetup    Mod: HUD - Modern and Fancy (Color) (Steam:2626756831)
092223-23:27:06:9027    LateSetup    Mod: Camera Panning - rotate camera view (+reset 1st person character view) (Steam:806331071)
092223-23:27:06:9027    LateSetup    Mod: Bot_spawner (Steam:2336089504)
092223-23:27:06:9028    LateSetup    Mod: Scope Framework (Steam:2754014019)
092223-23:27:06:9028    LateSetup    Mod: AiEnabled v1.7 (Steam:2596208372)
092223-23:27:06:9028    LateSetup    Mod: More Encounters - Content (Steam:2411541991)
092223-23:27:06:9028    LateSetup    Mod: Shower Light (Steam:2841920953)
092223-23:27:06:9028    LateSetup    Mod: In Depth LCDs (Steam:2839553181)
092223-23:27:06:9028    LateSetup    Mod: Assertive Loot (Steam:2391318591)
092223-23:27:06:9028    LateSetup    Mod: Text HUD API (Steam:758597413)
092223-23:27:06:9045    LateSetup    Identity: 144115188075855894 | Space Pirates | True | 0
092223-23:27:06:9046    LateSetup    Identity: 144115188075855896 | The Great Tarantula | True | 0
092223-23:27:06:9046    LateSetup    Identity: 144115188075855897 | [CIVL] Svjetlana Kantorovich | True | 0
092223-23:27:06:9046    LateSetup    Identity: 144115188075855898 | [UCMF] Asan Holyblaze | True | 0
092223-23:27:06:9046    LateSetup    Identity: 144115188075855899 | [SEPD] Vlade Prokesch | True | 0
092223-23:27:06:9046    LateSetup    Identity: 144115188075855900 | [ISTG] Ashir Perlich | True | 0
092223-23:27:06:9046    LateSetup    Identity: 144115188075855901 | [MMEC] Adriaenne Cloudtoe | True | 0
092223-23:27:06:9046    LateSetup    Identity: 144115188075855902 | [AMPH] Lyuboslav Spiderarm | True | 0
092223-23:27:06:9046    LateSetup    Identity: 144115188075855903 | [KUSS] Kole Lamodieu | True | 0
092223-23:27:06:9046    LateSetup    Identity: 144115188075855904 | [HS] Jazon Popov | True | 0
092223-23:27:06:9046    LateSetup    Identity: 144115188075855905 | [MA-I] Rober Kovalevsky | True | 0
092223-23:27:06:9046    LateSetup    Identity: 144115188075855906 | [EXMC] Desmon Chanaffet | True | 0
092223-23:27:06:9046    LateSetup    Identity: 144115188075855907 | IMDC | True | 0
092223-23:27:06:9047    LateSetup    Identity: 144115188075855908 | The Chairman | True | 0
092223-23:27:06:9047    LateSetup    Identity: 144115188075855909 | Thumbs | True | 0
092223-23:27:06:9052    LateSetup    Identity: 144115188075855910 | The Director | True | 0
092223-23:27:06:9052    LateSetup    Identity: 144115188075855911 | Exiled Engineer | True | 0
092223-23:27:06:9053    LateSetup    Identity: 144115188075855912 | ISLF | True | 0
092223-23:27:06:9053    LateSetup    Identity: 144115188075855913 | Junk | True | 0
092223-23:27:06:9053    LateSetup    Identity: 144115188075855914 | SEMS | True | 0
092223-23:27:06:9053    LateSetup    Identity: 144115188075855915 | VCOR | True | 0
092223-23:27:06:9053    LateSetup    Identity: 144115188075855916 | Gork and Mork | True | 0
092223-23:27:06:9053    LateSetup    Identity: 144115188075855917 | The Wanderer | True | 0
092223-23:27:06:9053    LateSetup    Identity: 144115188075855918 | The Tinkerer | True | 0
092223-23:27:06:9053    LateSetup    Identity: 144115188075855919 | The Martyr | True | 0
092223-23:27:06:9053    LateSetup    Identity: 144115188075855920 | The Tailor | True | 0
092223-23:27:06:9053    LateSetup    Identity: 144115188075855921 | The Soldier | True | 0
092223-23:27:06:9053    LateSetup    Identity: 144115188075855922 | The Infiltrator | True | 0
092223-23:27:06:9053    LateSetup    Identity: 144115188075855923 | The Legionnaire | True | 0
092223-23:27:06:9053    LateSetup    Identity: 144115188075855924 | The Obsidianborn | True | 0
092223-23:27:06:9053    LateSetup    Identity: 144115188075855925 | Flamesoul | True | 0
092223-23:27:06:9054    LateSetup    Identity: 144115188075855926 | Azure's Gift | True | 0
092223-23:27:06:9054    LateSetup    Identity: 144115188075855927 | The Rusted | True | 0
092223-23:27:06:9054    LateSetup    Identity: 144115188075855928 | The Architect | True | 0
092223-23:27:06:9054    LateSetup    Identity: 144115188075855929 | The Modifier | True | 0
092223-23:27:06:9054    LateSetup    Identity: 144115188075855930 | The Alpha | True | 0
092223-23:27:06:9054    LateSetup    Identity: 144115188075855931 | Short Circuit | True | 0
092223-23:27:06:9054    LateSetup    Identity: 144115188075855932 | Iron Hide | True | 0
092223-23:27:06:9054    LateSetup    Identity: 144115188075855933 | The Mechanic | True | 0
092223-23:27:06:9054    LateSetup    Identity: 144115188075855934 | Optimus | True | 0
092223-23:27:06:9054    LateSetup    Identity: 144115188075855935 | The Coder | True | 0
092223-23:27:06:9054    LateSetup    Identity: 144115188075855936 | Reboot | True | 0
092223-23:27:06:9054    LateSetup    Identity: 144115188075855937 | Scrap | True | 0
092223-23:27:06:9054    LateSetup    Identity: 144115188075855938 | The Analyst | True | 0
092223-23:27:06:9054    LateSetup    Identity: 144115188075855939 | The Hacker | True | 0
092223-23:27:06:9054    LateSetup    Identity: 144115188075855940 | Tin | True | 0
092223-23:27:06:9055    LateSetup    Identity: 144115188075855941 | The Map Maker | True | 0
092223-23:27:06:9055    LateSetup    Identity: 144115188075855942 | Fiber | True | 0
092223-23:27:06:9055    LateSetup    Identity: 144115188075855943 | The General | True | 0
092223-23:27:06:9055    LateSetup    Identity: 144115188075855944 | The Brute | True | 0
092223-23:27:06:9055    LateSetup    Identity: 144115188075855945 | The Experiment | True | 0
092223-23:27:06:9055    LateSetup    Identity: 144115188075855946 | Ratchet | True | 0
092223-23:27:06:9055    LateSetup    Identity: 144115188075855947 | Socket | True | 0
092223-23:27:06:9055    LateSetup    Identity: 144115188075855948 | Cylinder | True | 0
092223-23:27:06:9055    LateSetup    Identity: 144115188075855949 | Telescope | True | 0
092223-23:27:06:9055    LateSetup    Identity: 144115188075855950 | Specialized Miners Guild CEO | True | 0
092223-23:27:06:9055    LateSetup    Identity: 144115188075855951 | Star Drilling Consortium CEO | True | 0
092223-23:27:06:9055    LateSetup    Identity: 144115188075855952 | Interstellar Minerals CEO | True | 0
092223-23:27:06:9055    LateSetup    Identity: 144115188075855953 | United Sappers CEO | True | 0
092223-23:27:06:9055    LateSetup    Identity: 144115188075855954 | Rogue Drilling Consortium CEO | True | 0
092223-23:27:06:9055    LateSetup    Identity: 144115188075856091 | rafa.bagliacci | True | 76561198406088425
092223-23:27:06:9055    LateSetup    Identity: 144115188075855955 | Merciless Minerals CEO | True | 0
092223-23:27:06:9056    LateSetup    Identity: 144115188075855956 | Royal Technologies CEO | True | 0
092223-23:27:06:9056    LateSetup    Identity: 144115188075855957 | Star Hauling Services CEO | True | 0
092223-23:27:06:9056    LateSetup    Identity: 144115188075855958 | Universal Alliance CEO | True | 0
092223-23:27:06:9056    LateSetup    Identity: 144115188075855959 | Divine Settlers CEO | True | 0
092223-23:27:06:9056    LateSetup    Identity: 144115188075855960 | United Welders CEO | True | 0
092223-23:27:06:9056    LateSetup    Identity: 144115188075855961 | Secret Industry CEO | True | 0
092223-23:27:06:9057    LateSetup    Identity: 144115188075855962 | Imperial Manufacturers CEO | True | 0
092223-23:27:06:9057    LateSetup    Identity: 144115188075855963 | Divine Shipbuilding CEO | True | 0
092223-23:27:06:9057    LateSetup    Identity: 144115188075855964 | Supreme Shipbuilding CEO | True | 0
092223-23:27:06:9057    LateSetup    Identity: 144115188075855965 | [SPRT] Lyuboslav Topolski | True | 0
092223-23:27:06:9057    LateSetup    Identity: 144115188075855966 | [CIVL] Kalina Warvale | True | 0
092223-23:27:06:9057    LateSetup    Identity: 144115188075855967 | [UCMF] Drahomir Aguefelon | True | 0
092223-23:27:06:9057    LateSetup    Identity: 144115188075855968 | [SEPD] Venka Fistbranch | True | 0
092223-23:27:06:9057    LateSetup    Identity: 144115188075855969 | [ISTG] Maecey Topolski | True | 0
092223-23:27:06:9057    LateSetup    Identity: 144115188075855970 | [MMEC] Alextra Rochevès | True | 0
092223-23:27:06:9057    LateSetup    Identity: 144115188075855971 | [AMPH] Katlina Dewheart | True | 0
092223-23:27:06:9057    LateSetup    Identity: 144115188075855972 | [KUSS] Charlise Bonnemoux | True | 0
092223-23:27:06:9058    LateSetup    Identity: 144115188075855973 | [HS] Bogomil Andimtal | True | 0
092223-23:27:06:9058    LateSetup    Identity: 144115188075855974 | [MA-I] Laera Ravenpike | True | 0
092223-23:27:06:9058    LateSetup    Identity: 144115188075855975 | [EXMC] Rayely Fusepelt | True | 0
092223-23:27:06:9058    LateSetup    Identity: 144115188075855976 | [IMDC] Ashir Bladekeeper | True | 0
092223-23:27:06:9058    LateSetup    Identity: 144115188075855977 | Müller | True | 76561198122072411
092223-23:27:06:9058    LateSetup    Identity: 144115188075856117 |  | True | 90176579586696196
092223-23:27:06:9058    LateSetup    Identity: 144115188075856118 |  | True | 90176579586696196
092223-23:27:06:9058    LateSetup    Identity: 144115188075856119 |  | True | 90176579586696196
092223-23:27:06:9058    LateSetup    Identity: 144115188075856120 |  | True | 90176579586696196
092223-23:27:06:9058    LateSetup    Identity: 144115188075856121 |  | True | 90176579586696196
092223-23:27:06:9058    LateSetup    Identity: 144115188075856122 |  | True | 90176579586696196
092223-23:27:06:9058    LateSetup    Identity: 144115188075856123 |  | True | 90176579586696196
092223-23:27:06:9058    LateSetup    Identity: 144115188075856124 |  | True | 90176579586696196
092223-23:27:06:9058    LateSetup    Identity: 144115188075856125 |  | True | 90176579586696196
092223-23:27:06:9058    LateSetup    Identity: 144115188075856126 |  | True | 90176579586696196
092223-23:27:06:9059    LateSetup    Identity: 144115188075856127 |  | True | 90176579586696196
092223-23:27:06:9059    LateSetup    Identity: 144115188075856128 |  | True | 90176579586696196
092223-23:27:06:9059    LateSetup    Identity: 144115188075856129 |  | True | 90176579586696196
092223-23:27:06:9059    LateSetup    Identity: 144115188075856130 |  | True | 90176579586696196
092223-23:27:06:9059    LateSetup    Identity: 144115188075856131 |  | True | 90176579586696196
092223-23:27:06:9059    LateSetup    Identity: 144115188075855998 | Moura | True | 76561199013252938
092223-23:27:06:9059    LateSetup    Identity: 144115188075856019 | $nower | True | 76561198075966585
092223-23:27:06:9059    LateSetup    Identity: 144115188075856020 | [IMDC] Saria Wyverneyes | True | 0
